<?xml version="1.0" encoding="UTF-8"?>
<testsuite xmlns:xsi="http://www.w3.org/2001/XMLSchema-instance" xsi:noNamespaceSchemaLocation="https://maven.apache.org/surefire/maven-surefire-plugin/xsd/surefire-test-report.xsd" name="com.example.product.ProductServiceTest" time="0.145" tests="4" errors="0" skipped="0" failures="0">
  <properties>
[...]
</properties>
  <testcase name="testGetProduct" classname="com.example.product.ProductServiceTest" time="0.013"/>
  <testcase name="testUpdateProduct" classname="com.example.product.ProductServiceTest" time="0"/>
  <testcase name="testCreateAndListProducts" classname="com.example.product.ProductServiceTest" time="0"/>
  <testcase name="testDeleteProduct" classname="com.example.product.ProductServiceTest" time="0"/>
</testsuite>